{"C:\\git\\cdmgtri\\niem-xml-to-json\\src\\index.js": {"path":"C:\\git\\cdmgtri\\niem-xml-to-json\\src\\index.js","statementMap":{"0":{"start":{"line":2,"column":32},"end":{"line":2,"column":49}},"1":{"start":{"line":3,"column":19},"end":{"line":3,"column":44}},"2":{"start":{"line":6,"column":38},"end":{"line":6,"column":70}},"3":{"start":{"line":8,"column":14},"end":{"line":8,"column":41}},"4":{"start":{"line":9,"column":14},"end":{"line":9,"column":40}},"5":{"start":{"line":33,"column":20},"end":{"line":33,"column":59}},"6":{"start":{"line":36,"column":16},"end":{"line":36,"column":41}},"7":{"start":{"line":37,"column":2},"end":{"line":37,"column":29}},"8":{"start":{"line":40,"column":28},"end":{"line":40,"column":59}},"9":{"start":{"line":41,"column":24},"end":{"line":41,"column":58}},"10":{"start":{"line":44,"column":19},"end":{"line":44,"column":40}},"11":{"start":{"line":47,"column":16},"end":{"line":52,"column":3}},"12":{"start":{"line":54,"column":2},"end":{"line":54,"column":17}},"13":{"start":{"line":69,"column":24},"end":{"line":69,"column":90}},"14":{"start":{"line":72,"column":27},"end":{"line":72,"column":59}},"15":{"start":{"line":74,"column":13},"end":{"line":74,"column":28}},"16":{"start":{"line":77,"column":16},"end":{"line":85,"column":3}},"17":{"start":{"line":88,"column":21},"end":{"line":88,"column":30}},"18":{"start":{"line":89,"column":2},"end":{"line":91,"column":5}},"19":{"start":{"line":90,"column":4},"end":{"line":90,"column":26}},"20":{"start":{"line":93,"column":2},"end":{"line":93,"column":22}},"21":{"start":{"line":97,"column":0},"end":{"line":97,"column":31}}},"fnMap":{"0":{"name":"niemXMLtoJSON","decl":{"start":{"line":30,"column":15},"end":{"line":30,"column":28}},"loc":{"start":{"line":30,"column":50},"end":{"line":55,"column":1}},"line":30},"1":{"name":"convertXMLtoJS","decl":{"start":{"line":66,"column":15},"end":{"line":66,"column":29}},"loc":{"start":{"line":66,"column":65},"end":{"line":94,"column":1}},"line":66},"2":{"name":"(anonymous_2)","decl":{"start":{"line":89,"column":34},"end":{"line":89,"column":35}},"loc":{"start":{"line":89,"column":51},"end":{"line":91,"column":3}},"line":89}},"branchMap":{"0":{"loc":{"start":{"line":30,"column":34},"end":{"line":30,"column":48}},"type":"default-arg","locations":[{"start":{"line":30,"column":47},"end":{"line":30,"column":48}}],"line":30},"1":{"loc":{"start":{"line":66,"column":35},"end":{"line":66,"column":49}},"type":"default-arg","locations":[{"start":{"line":66,"column":44},"end":{"line":66,"column":49}}],"line":66},"2":{"loc":{"start":{"line":66,"column":51},"end":{"line":66,"column":63}},"type":"default-arg","locations":[{"start":{"line":66,"column":59},"end":{"line":66,"column":63}}],"line":66},"3":{"loc":{"start":{"line":69,"column":24},"end":{"line":69,"column":90}},"type":"cond-expr","locations":[{"start":{"line":69,"column":35},"end":{"line":69,"column":58}},{"start":{"line":69,"column":61},"end":{"line":69,"column":90}}],"line":69},"4":{"loc":{"start":{"line":72,"column":27},"end":{"line":72,"column":59}},"type":"cond-expr","locations":[{"start":{"line":72,"column":37},"end":{"line":72,"column":54}},{"start":{"line":72,"column":57},"end":{"line":72,"column":59}}],"line":72}},"s":{"0":1,"1":1,"2":1,"3":1,"4":1,"5":2,"6":2,"7":2,"8":2,"9":2,"10":2,"11":2,"12":2,"13":6,"14":6,"15":6,"16":6,"17":6,"18":6,"19":6,"20":6,"21":1},"f":{"0":2,"1":6,"2":6},"b":{"0":[2],"1":[2],"2":[4],"3":[2,4],"4":[4,2]},"_coverageSchema":"1a1c01bbd47fc00a2c39e90264f33305004495a9","hash":"63e8736bcc1b905ebd1c3d8b0c3bf05f2a0fec1b"}
,"C:\\git\\cdmgtri\\niem-xml-to-json\\src\\niem-transform\\index.js": {"path":"C:\\git\\cdmgtri\\niem-xml-to-json\\src\\niem-transform\\index.js","statementMap":{"0":{"start":{"line":10,"column":16},"end":{"line":16,"column":3}},"1":{"start":{"line":18,"column":2},"end":{"line":18,"column":20}},"2":{"start":{"line":19,"column":2},"end":{"line":19,"column":29}},"3":{"start":{"line":20,"column":2},"end":{"line":20,"column":30}},"4":{"start":{"line":21,"column":2},"end":{"line":21,"column":48}},"5":{"start":{"line":22,"column":2},"end":{"line":22,"column":30}},"6":{"start":{"line":24,"column":2},"end":{"line":24,"column":17}},"7":{"start":{"line":34,"column":13},"end":{"line":34,"column":34}},"8":{"start":{"line":36,"column":2},"end":{"line":38,"column":3}},"9":{"start":{"line":37,"column":4},"end":{"line":37,"column":15}},"10":{"start":{"line":40,"column":16},"end":{"line":40,"column":18}},"11":{"start":{"line":42,"column":2},"end":{"line":64,"column":3}},"12":{"start":{"line":43,"column":4},"end":{"line":63,"column":5}},"13":{"start":{"line":45,"column":6},"end":{"line":45,"column":23}},"14":{"start":{"line":47,"column":9},"end":{"line":63,"column":5}},"15":{"start":{"line":49,"column":6},"end":{"line":49,"column":34}},"16":{"start":{"line":50,"column":6},"end":{"line":50,"column":23}},"17":{"start":{"line":52,"column":9},"end":{"line":63,"column":5}},"18":{"start":{"line":53,"column":19},"end":{"line":53,"column":44}},"19":{"start":{"line":55,"column":18},"end":{"line":55,"column":27}},"20":{"start":{"line":56,"column":6},"end":{"line":59,"column":7}},"21":{"start":{"line":58,"column":8},"end":{"line":58,"column":28}},"22":{"start":{"line":61,"column":6},"end":{"line":61,"column":30}},"23":{"start":{"line":62,"column":6},"end":{"line":62,"column":23}},"24":{"start":{"line":66,"column":2},"end":{"line":66,"column":28}},"25":{"start":{"line":78,"column":12},"end":{"line":78,"column":57}},"26":{"start":{"line":79,"column":2},"end":{"line":79,"column":46}},"27":{"start":{"line":91,"column":2},"end":{"line":93,"column":3}},"28":{"start":{"line":92,"column":4},"end":{"line":92,"column":11}},"29":{"start":{"line":95,"column":2},"end":{"line":116,"column":3}},"30":{"start":{"line":97,"column":4},"end":{"line":114,"column":5}},"31":{"start":{"line":100,"column":16},"end":{"line":100,"column":24}},"32":{"start":{"line":102,"column":6},"end":{"line":105,"column":7}},"33":{"start":{"line":104,"column":8},"end":{"line":104,"column":34}},"34":{"start":{"line":108,"column":6},"end":{"line":108,"column":22}},"35":{"start":{"line":113,"column":6},"end":{"line":113,"column":35}},"36":{"start":{"line":124,"column":2},"end":{"line":127,"column":3}},"37":{"start":{"line":126,"column":4},"end":{"line":126,"column":11}},"38":{"start":{"line":129,"column":2},"end":{"line":138,"column":3}},"39":{"start":{"line":130,"column":4},"end":{"line":137,"column":5}},"40":{"start":{"line":132,"column":6},"end":{"line":132,"column":22}},"41":{"start":{"line":136,"column":6},"end":{"line":136,"column":25}},"42":{"start":{"line":148,"column":2},"end":{"line":151,"column":3}},"43":{"start":{"line":150,"column":4},"end":{"line":150,"column":11}},"44":{"start":{"line":153,"column":2},"end":{"line":174,"column":3}},"45":{"start":{"line":155,"column":4},"end":{"line":173,"column":5}},"46":{"start":{"line":158,"column":6},"end":{"line":160,"column":8}},"47":{"start":{"line":163,"column":24},"end":{"line":163,"column":32}},"48":{"start":{"line":166,"column":6},"end":{"line":166,"column":40}},"49":{"start":{"line":168,"column":6},"end":{"line":168,"column":13}},"50":{"start":{"line":172,"column":6},"end":{"line":172,"column":41}},"51":{"start":{"line":177,"column":0},"end":{"line":177,"column":25}}},"fnMap":{"0":{"name":"niemify","decl":{"start":{"line":8,"column":9},"end":{"line":8,"column":16}},"loc":{"start":{"line":8,"column":40},"end":{"line":25,"column":1}},"line":8},"1":{"name":"refactorXMLHeader","decl":{"start":{"line":32,"column":9},"end":{"line":32,"column":26}},"loc":{"start":{"line":32,"column":32},"end":{"line":68,"column":1}},"line":32},"2":{"name":"addRDF","decl":{"start":{"line":76,"column":9},"end":{"line":76,"column":15}},"loc":{"start":{"line":76,"column":39},"end":{"line":81,"column":1}},"line":76},"3":{"name":"applyAugmentations","decl":{"start":{"line":89,"column":9},"end":{"line":89,"column":27}},"loc":{"start":{"line":89,"column":33},"end":{"line":117,"column":1}},"line":89},"4":{"name":"dropNils","decl":{"start":{"line":122,"column":9},"end":{"line":122,"column":17}},"loc":{"start":{"line":122,"column":23},"end":{"line":139,"column":1}},"line":122},"5":{"name":"processMetadata","decl":{"start":{"line":146,"column":9},"end":{"line":146,"column":24}},"loc":{"start":{"line":146,"column":39},"end":{"line":175,"column":1}},"line":146}},"branchMap":{"0":{"loc":{"start":{"line":8,"column":22},"end":{"line":8,"column":38}},"type":"default-arg","locations":[{"start":{"line":8,"column":33},"end":{"line":8,"column":38}}],"line":8},"1":{"loc":{"start":{"line":36,"column":2},"end":{"line":38,"column":3}},"type":"if","locations":[{"start":{"line":36,"column":2},"end":{"line":38,"column":3}},{"start":{},"end":{}}],"line":36},"2":{"loc":{"start":{"line":43,"column":4},"end":{"line":63,"column":5}},"type":"if","locations":[{"start":{"line":43,"column":4},"end":{"line":63,"column":5}},{"start":{"line":47,"column":9},"end":{"line":63,"column":5}}],"line":43},"3":{"loc":{"start":{"line":43,"column":8},"end":{"line":43,"column":57}},"type":"binary-expr","locations":[{"start":{"line":43,"column":8},"end":{"line":43,"column":35}},{"start":{"line":43,"column":39},"end":{"line":43,"column":57}}],"line":43},"4":{"loc":{"start":{"line":47,"column":9},"end":{"line":63,"column":5}},"type":"if","locations":[{"start":{"line":47,"column":9},"end":{"line":63,"column":5}},{"start":{"line":52,"column":9},"end":{"line":63,"column":5}}],"line":47},"5":{"loc":{"start":{"line":52,"column":9},"end":{"line":63,"column":5}},"type":"if","locations":[{"start":{"line":52,"column":9},"end":{"line":63,"column":5}},{"start":{},"end":{}}],"line":52},"6":{"loc":{"start":{"line":56,"column":6},"end":{"line":59,"column":7}},"type":"if","locations":[{"start":{"line":56,"column":6},"end":{"line":59,"column":7}},{"start":{},"end":{}}],"line":56},"7":{"loc":{"start":{"line":56,"column":10},"end":{"line":56,"column":50}},"type":"binary-expr","locations":[{"start":{"line":56,"column":10},"end":{"line":56,"column":26}},{"start":{"line":56,"column":30},"end":{"line":56,"column":50}}],"line":56},"8":{"loc":{"start":{"line":76,"column":21},"end":{"line":76,"column":37}},"type":"default-arg","locations":[{"start":{"line":76,"column":32},"end":{"line":76,"column":37}}],"line":76},"9":{"loc":{"start":{"line":79,"column":24},"end":{"line":79,"column":45}},"type":"cond-expr","locations":[{"start":{"line":79,"column":37},"end":{"line":79,"column":39}},{"start":{"line":79,"column":42},"end":{"line":79,"column":45}}],"line":79},"10":{"loc":{"start":{"line":91,"column":2},"end":{"line":93,"column":3}},"type":"if","locations":[{"start":{"line":91,"column":2},"end":{"line":93,"column":3}},{"start":{},"end":{}}],"line":91},"11":{"loc":{"start":{"line":97,"column":4},"end":{"line":114,"column":5}},"type":"if","locations":[{"start":{"line":97,"column":4},"end":{"line":114,"column":5}},{"start":{"line":111,"column":9},"end":{"line":114,"column":5}}],"line":97},"12":{"loc":{"start":{"line":124,"column":2},"end":{"line":127,"column":3}},"type":"if","locations":[{"start":{"line":124,"column":2},"end":{"line":127,"column":3}},{"start":{},"end":{}}],"line":124},"13":{"loc":{"start":{"line":130,"column":4},"end":{"line":137,"column":5}},"type":"if","locations":[{"start":{"line":130,"column":4},"end":{"line":137,"column":5}},{"start":{"line":134,"column":9},"end":{"line":137,"column":5}}],"line":130},"14":{"loc":{"start":{"line":148,"column":2},"end":{"line":151,"column":3}},"type":"if","locations":[{"start":{"line":148,"column":2},"end":{"line":151,"column":3}},{"start":{},"end":{}}],"line":148},"15":{"loc":{"start":{"line":155,"column":4},"end":{"line":173,"column":5}},"type":"if","locations":[{"start":{"line":155,"column":4},"end":{"line":173,"column":5}},{"start":{"line":170,"column":9},"end":{"line":173,"column":5}}],"line":155}},"s":{"0":4,"1":4,"2":4,"3":4,"4":4,"5":4,"6":4,"7":4,"8":4,"9":0,"10":4,"11":4,"12":36,"13":2,"14":34,"15":0,"16":0,"17":34,"18":20,"19":20,"20":20,"21":10,"22":20,"23":20,"24":4,"25":4,"26":4,"27":204,"28":114,"29":90,"30":204,"31":4,"32":4,"33":8,"34":4,"35":200,"36":222,"37":126,"38":96,"39":224,"40":6,"41":218,"42":148,"43":80,"44":68,"45":148,"46":4,"47":4,"48":4,"49":4,"50":144,"51":1},"f":{"0":4,"1":4,"2":4,"3":204,"4":222,"5":148},"b":{"0":[2],"1":[0,4],"2":[2,34],"3":[36,36],"4":[0,34],"5":[20,14],"6":[10,10],"7":[20,10],"8":[0],"9":[2,2],"10":[114,90],"11":[4,200],"12":[126,96],"13":[6,218],"14":[80,68],"15":[4,144]},"_coverageSchema":"1a1c01bbd47fc00a2c39e90264f33305004495a9","hash":"54ff0947088cf697c907ee75d02dd49522af7613"}
,"C:\\git\\cdmgtri\\niem-xml-to-json\\src\\parsers\\index.js": {"path":"C:\\git\\cdmgtri\\niem-xml-to-json\\src\\parsers\\index.js","statementMap":{"0":{"start":{"line":11,"column":2},"end":{"line":21,"column":3}},"1":{"start":{"line":12,"column":4},"end":{"line":12,"column":17}},"2":{"start":{"line":14,"column":7},"end":{"line":21,"column":3}},"3":{"start":{"line":16,"column":4},"end":{"line":16,"column":13}},"4":{"start":{"line":18,"column":7},"end":{"line":21,"column":3}},"5":{"start":{"line":20,"column":4},"end":{"line":20,"column":15}},"6":{"start":{"line":22,"column":2},"end":{"line":22,"column":12}},"7":{"start":{"line":31,"column":2},"end":{"line":33,"column":3}},"8":{"start":{"line":32,"column":4},"end":{"line":32,"column":17}},"9":{"start":{"line":34,"column":2},"end":{"line":34,"column":14}},"10":{"start":{"line":38,"column":0},"end":{"line":41,"column":1}}},"fnMap":{"0":{"name":"parseTemplate","decl":{"start":{"line":10,"column":9},"end":{"line":10,"column":22}},"loc":{"start":{"line":10,"column":36},"end":{"line":23,"column":1}},"line":10},"1":{"name":"parseID","decl":{"start":{"line":30,"column":9},"end":{"line":30,"column":16}},"loc":{"start":{"line":30,"column":23},"end":{"line":35,"column":1}},"line":30}},"branchMap":{"0":{"loc":{"start":{"line":11,"column":2},"end":{"line":21,"column":3}},"type":"if","locations":[{"start":{"line":11,"column":2},"end":{"line":21,"column":3}},{"start":{"line":14,"column":7},"end":{"line":21,"column":3}}],"line":11},"1":{"loc":{"start":{"line":11,"column":6},"end":{"line":11,"column":41}},"type":"binary-expr","locations":[{"start":{"line":11,"column":6},"end":{"line":11,"column":21}},{"start":{"line":11,"column":25},"end":{"line":11,"column":41}}],"line":11},"2":{"loc":{"start":{"line":14,"column":7},"end":{"line":21,"column":3}},"type":"if","locations":[{"start":{"line":14,"column":7},"end":{"line":21,"column":3}},{"start":{"line":18,"column":7},"end":{"line":21,"column":3}}],"line":14},"3":{"loc":{"start":{"line":18,"column":7},"end":{"line":21,"column":3}},"type":"if","locations":[{"start":{"line":18,"column":7},"end":{"line":21,"column":3}},{"start":{},"end":{}}],"line":18},"4":{"loc":{"start":{"line":31,"column":2},"end":{"line":33,"column":3}},"type":"if","locations":[{"start":{"line":31,"column":2},"end":{"line":33,"column":3}},{"start":{},"end":{}}],"line":31},"5":{"loc":{"start":{"line":31,"column":6},"end":{"line":31,"column":85}},"type":"binary-expr","locations":[{"start":{"line":31,"column":6},"end":{"line":31,"column":29}},{"start":{"line":31,"column":33},"end":{"line":31,"column":57}},{"start":{"line":31,"column":61},"end":{"line":31,"column":85}}],"line":31}},"s":{"0":66,"1":10,"2":56,"3":3,"4":53,"5":1,"6":52,"7":62,"8":18,"9":44,"10":1},"f":{"0":66,"1":62},"b":{"0":[10,56],"1":[66,59],"2":[3,53],"3":[1,52],"4":[18,44],"5":[62,50,44]},"_coverageSchema":"1a1c01bbd47fc00a2c39e90264f33305004495a9","hash":"f3ee5e41098c84192ac9549536639caa8a86f143"}
}
