TN:
SF:src\index.js
FN:30,niemXMLtoJSON
FN:66,convertXMLtoJS
FN:89,(anonymous_2)
FNF:3
FNH:3
FNDA:2,niemXMLtoJSON
FNDA:6,convertXMLtoJS
FNDA:6,(anonymous_2)
DA:2,1
DA:3,1
DA:6,1
DA:8,1
DA:9,1
DA:33,2
DA:36,2
DA:37,2
DA:40,2
DA:41,2
DA:44,2
DA:47,2
DA:54,2
DA:69,6
DA:72,6
DA:74,6
DA:77,6
DA:88,6
DA:89,6
DA:90,6
DA:93,6
DA:97,1
LF:22
LH:22
BRDA:30,0,0,2
BRDA:66,1,0,2
BRDA:66,2,0,4
BRDA:69,3,0,2
BRDA:69,3,1,4
BRDA:72,4,0,4
BRDA:72,4,1,2
BRF:7
BRH:7
end_of_record
TN:
SF:src\niem-transform\index.js
FN:8,niemify
FN:32,refactorXMLHeader
FN:76,addRDF
FN:89,applyAugmentations
FN:122,dropNils
FN:146,processMetadata
FNF:6
FNH:6
FNDA:4,niemify
FNDA:4,refactorXMLHeader
FNDA:4,addRDF
FNDA:204,applyAugmentations
FNDA:222,dropNils
FNDA:148,processMetadata
DA:10,4
DA:18,4
DA:19,4
DA:20,4
DA:21,4
DA:22,4
DA:24,4
DA:34,4
DA:36,4
DA:37,0
DA:40,4
DA:42,4
DA:43,36
DA:45,2
DA:47,34
DA:49,0
DA:50,0
DA:52,34
DA:53,20
DA:55,20
DA:56,20
DA:58,10
DA:61,20
DA:62,20
DA:66,4
DA:78,4
DA:79,4
DA:91,204
DA:92,114
DA:95,90
DA:97,204
DA:100,4
DA:102,4
DA:104,8
DA:108,4
DA:113,200
DA:124,222
DA:126,126
DA:129,96
DA:130,224
DA:132,6
DA:136,218
DA:148,148
DA:150,80
DA:153,68
DA:155,148
DA:158,4
DA:163,4
DA:166,4
DA:168,4
DA:172,144
DA:177,1
LF:52
LH:49
BRDA:8,0,0,2
BRDA:36,1,0,0
BRDA:36,1,1,4
BRDA:43,2,0,2
BRDA:43,2,1,34
BRDA:43,3,0,36
BRDA:43,3,1,36
BRDA:47,4,0,0
BRDA:47,4,1,34
BRDA:52,5,0,20
BRDA:52,5,1,14
BRDA:56,6,0,10
BRDA:56,6,1,10
BRDA:56,7,0,20
BRDA:56,7,1,10
BRDA:76,8,0,0
BRDA:79,9,0,2
BRDA:79,9,1,2
BRDA:91,10,0,114
BRDA:91,10,1,90
BRDA:97,11,0,4
BRDA:97,11,1,200
BRDA:124,12,0,126
BRDA:124,12,1,96
BRDA:130,13,0,6
BRDA:130,13,1,218
BRDA:148,14,0,80
BRDA:148,14,1,68
BRDA:155,15,0,4
BRDA:155,15,1,144
BRF:30
BRH:27
end_of_record
TN:
SF:src\parsers\index.js
FN:10,parseTemplate
FN:30,parseID
FNF:2
FNH:2
FNDA:66,parseTemplate
FNDA:62,parseID
DA:11,66
DA:12,10
DA:14,56
DA:16,3
DA:18,53
DA:20,1
DA:22,52
DA:31,62
DA:32,18
DA:34,44
DA:38,1
LF:11
LH:11
BRDA:11,0,0,10
BRDA:11,0,1,56
BRDA:11,1,0,66
BRDA:11,1,1,59
BRDA:14,2,0,3
BRDA:14,2,1,53
BRDA:18,3,0,1
BRDA:18,3,1,52
BRDA:31,4,0,18
BRDA:31,4,1,44
BRDA:31,5,0,62
BRDA:31,5,1,50
BRDA:31,5,2,44
BRF:13
BRH:13
end_of_record
